1621557096930:login privileged admin admin
1621558408723:exit
1621558496742:sign in admin admin
1621558499858:sign in
1621558904003:exit
1621558931136:Login as Admin
1621558948515:sign in admin admin
1621558956549:sign in asd asd
1621564697875:exit
1621566603404:login
1621566621879:User Registrate user
1621566631390:User Login admin
1621566634954:user login asd
1621566641784:user login admin admin
1621566653245:user registrate asd asd
1621566660288:user login asd asd
1621567230879:exit
1621567271096:sign in privileged
1621567282149:sign in privileged admin admin
1621567363615:sign in asd
1621567366627:logout
1621567378478:sign out
1621567403406:describe account
1621567466747:sign in privileged admin admin
1621567474118:describe account
1621567852465:exit
1621570092450:sign in privileged asd asd
1621570100620:sign out
1621570109078:sign in privileged admin admin
1621570117146:describe account
1621570186433:exit
1621570396628:sign in privileged asd asd
1621570403136:sign in privileged admin admin
1621570408323:describe account
1621570473655:exit
1621570598506:sign in privileged asd asd
1621570606082:sign in privileged admin admin
1621570611669:describe account
1621570616036:sign out
1621570656055:describe account
1621570779534:exit
